<?xml version="1.0" encoding="UTF-8"?>
<!-- Generated by org.testng.reporters.JUnitXMLReporter -->
<testsuite ignored="0" hostname="DESKTOP-VA6IN0U" failures="1" tests="2" name="Error Validation Test" time="17.793" errors="0" timestamp="2023-11-16T00:19:43 IST">
  <testcase classname="rahulshettyacademy.Tests.ErrorValidation" name="LoginErrorValidation" time="0.546"/>
  <testcase classname="rahulshettyacademy.Tests.ErrorValidation" name="ProductErrorValidation" time="13.667">
    <failure type="java.lang.AssertionError" message="expected [true] but found [false]">
      <![CDATA[java.lang.AssertionError: expected [true] but found [false]
at rahulshettyacademy.Tests.ErrorValidation.ProductErrorValidation(ErrorValidation.java:56)
at java.base/java.util.ArrayList.forEach(ArrayList.java:1511)
... Removed 31 stack frames]]>
    </failure>
  </testcase> <!-- ProductErrorValidation -->
</testsuite> <!-- Error Validation Test -->
